<?xml version="1.0" encoding="UTF-8"?>
<!-- Generated by org.testng.reporters.JUnitXMLReporter -->
<testsuite ignored="0" hostname="bhagyak" failures="0" tests="3" name="Default test" time="19.646" errors="0" timestamp="2026-06-30T11:52:15 IST">
  <testcase classname="testngTestcases.Parameterization_DataProvider" name="doLogin" time="1.531"/>
  <testcase classname="testngTestcases.Parameterization_DataProvider" name="doLogin" time="1.76"/>
  <testcase classname="testngTestcases.Parameterization_DataProvider" name="doLogin" time="1.508"/>
</testsuite> <!-- Default test -->
