<?xml version="1.0" encoding="UTF-8"?>
<!-- Generated by org.testng.reporters.JUnitXMLReporter -->
<testsuite ignored="0" hostname="bhagyak" failures="0" tests="3" name="Default test" time="22.64" errors="0" timestamp="2026-07-02T10:55:00 IST">
  <testcase classname="ReadPropertiesFile.RealExample" name="doLogin" time="2.139"/>
  <testcase classname="ReadPropertiesFile.RealExample" name="doLogin" time="1.586"/>
  <testcase classname="ReadPropertiesFile.RealExample" name="doLogin" time="1.064"/>
</testsuite> <!-- Default test -->
