<?xml version="1.0" encoding="UTF-8"?>
<!-- Generated by org.testng.reporters.JUnitXMLReporter -->
<testsuite ignored="2" hostname="bhagyak" failures="0" tests="1" name="Assertion and Annotation" time="0.087" errors="0" timestamp="2026-06-29T10:02:54 IST">
  <testcase classname="testngTestcases.TestNGAnnotations" name="doLogin" time="0.015"/>
  <testcase classname="testngTestcases.Assertions" name="verifyTitle" time="0.0">
    <ignored/>
  </testcase> <!-- verifyTitle -->
  <testcase classname="testngTestcases.TestNGAnnotations" name="doUserReg" time="0.0">
    <ignored/>
  </testcase> <!-- doUserReg -->
</testsuite> <!-- Assertion and Annotation -->
