<?xml version="1.0" encoding="UTF-8"?>
<!-- Generated by org.testng.reporters.JUnitXMLReporter -->
<testsuite ignored="3" hostname="bhagyak" failures="0" tests="2" name="Priority and DependsOn" time="0.015" errors="0" timestamp="2026-06-29T10:02:54 IST">
  <testcase classname="testngTestcases.Priority" name="doUserReg" time="0.002"/>
  <testcase classname="testngTestcases.DependsOn" name="doopenBrowser" time="0.003"/>
  <testcase classname="testngTestcases.DependsOn" name="doUserReg" time="0.0">
    <ignored/>
  </testcase> <!-- doUserReg -->
  <testcase classname="testngTestcases.Priority" name="doLogin" time="0.0">
    <ignored/>
  </testcase> <!-- doLogin -->
  <testcase classname="testngTestcases.DependsOn" name="doLogin" time="0.0">
    <ignored/>
  </testcase> <!-- doLogin -->
</testsuite> <!-- Priority and DependsOn -->
