<?xml version="1.0" encoding="UTF-8"?>
<testng-results ignored="0" total="3" passed="3" failed="0" skipped="0">
  <reporter-output>
  </reporter-output>
  <suite started-at="2026-07-02T10:54:37 IST" name="Default suite" finished-at="2026-07-02T10:55:00 IST" duration-ms="22640">
    <groups>
    </groups>
    <test started-at="2026-07-02T10:54:37 IST" name="Default test" finished-at="2026-07-02T10:55:00 IST" duration-ms="22640">
      <class name="ReadPropertiesFile.RealExample">
        <test-method is-config="true" signature="launchBrowser()[pri:0, instance:ReadPropertiesFile.RealExample@1d296da]" started-at="2026-07-02T10:54:39 IST" name="launchBrowser" finished-at="2026-07-02T10:54:45 IST" duration-ms="5823" status="PASS">
          <reporter-output>
          </reporter-output>
        </test-method> <!-- launchBrowser -->
        <test-method signature="doLogin(java.lang.String,java.lang.String)[pri:0, instance:ReadPropertiesFile.RealExample@1d296da]" started-at="2026-07-02T10:54:45 IST" name="doLogin" data-provider="dp" finished-at="2026-07-02T10:54:47 IST" duration-ms="2139" status="PASS">
          <params>
            <param index="0">
              <value>
                <![CDATA[username1]]>
              </value>
            </param>
            <param index="1">
              <value>
                <![CDATA[password1]]>
              </value>
            </param>
          </params>
          <reporter-output>
          </reporter-output>
        </test-method> <!-- doLogin -->
        <test-method is-config="true" signature="closeBrowser()[pri:0, instance:ReadPropertiesFile.RealExample@1d296da]" started-at="2026-07-02T10:54:47 IST" name="closeBrowser" finished-at="2026-07-02T10:54:48 IST" duration-ms="870" status="PASS">
          <reporter-output>
          </reporter-output>
        </test-method> <!-- closeBrowser -->
        <test-method is-config="true" signature="launchBrowser()[pri:0, instance:ReadPropertiesFile.RealExample@1d296da]" started-at="2026-07-02T10:54:48 IST" name="launchBrowser" finished-at="2026-07-02T10:54:52 IST" duration-ms="3900" status="PASS">
          <reporter-output>
          </reporter-output>
        </test-method> <!-- launchBrowser -->
        <test-method signature="doLogin(java.lang.String,java.lang.String)[pri:0, instance:ReadPropertiesFile.RealExample@1d296da]" started-at="2026-07-02T10:54:52 IST" name="doLogin" data-provider="dp" finished-at="2026-07-02T10:54:53 IST" duration-ms="1586" status="PASS">
          <params>
            <param index="0">
              <value>
                <![CDATA[username2]]>
              </value>
            </param>
            <param index="1">
              <value>
                <![CDATA[password2]]>
              </value>
            </param>
          </params>
          <reporter-output>
          </reporter-output>
        </test-method> <!-- doLogin -->
        <test-method is-config="true" signature="closeBrowser()[pri:0, instance:ReadPropertiesFile.RealExample@1d296da]" started-at="2026-07-02T10:54:53 IST" name="closeBrowser" finished-at="2026-07-02T10:54:54 IST" duration-ms="597" status="PASS">
          <reporter-output>
          </reporter-output>
        </test-method> <!-- closeBrowser -->
        <test-method is-config="true" signature="launchBrowser()[pri:0, instance:ReadPropertiesFile.RealExample@1d296da]" started-at="2026-07-02T10:54:54 IST" name="launchBrowser" finished-at="2026-07-02T10:54:58 IST" duration-ms="4182" status="PASS">
          <reporter-output>
          </reporter-output>
        </test-method> <!-- launchBrowser -->
        <test-method signature="doLogin(java.lang.String,java.lang.String)[pri:0, instance:ReadPropertiesFile.RealExample@1d296da]" started-at="2026-07-02T10:54:58 IST" name="doLogin" data-provider="dp" finished-at="2026-07-02T10:54:59 IST" duration-ms="1064" status="PASS">
          <params>
            <param index="0">
              <value>
                <![CDATA[username3]]>
              </value>
            </param>
            <param index="1">
              <value>
                <![CDATA[password3]]>
              </value>
            </param>
          </params>
          <reporter-output>
          </reporter-output>
        </test-method> <!-- doLogin -->
        <test-method is-config="true" signature="closeBrowser()[pri:0, instance:ReadPropertiesFile.RealExample@1d296da]" started-at="2026-07-02T10:54:59 IST" name="closeBrowser" finished-at="2026-07-02T10:55:00 IST" duration-ms="693" status="PASS">
          <reporter-output>
          </reporter-output>
        </test-method> <!-- closeBrowser -->
      </class> <!-- ReadPropertiesFile.RealExample -->
    </test> <!-- Default test -->
  </suite> <!-- Default suite -->
</testng-results>
