<?xml version="1.0" encoding="UTF-8"?>
<!-- Generated by org.testng.reporters.JUnitReportReporter -->
<testsuite hostname="bhagyak" failures="0" tests="2" name="testngTestcases.Parameterization_xml" time="14.531" errors="0" timestamp="2026-06-30T11:35:29 IST" skipped="0">
  <testcase classname="testngTestcases.Parameterization_xml" name="openWebSite" time="4.442"/>
  <testcase classname="testngTestcases.Parameterization_xml" name="openWebSite" time="10.089"/>
</testsuite> <!-- testngTestcases.Parameterization_xml -->
