<?xml version="1.0" encoding="UTF-8"?>
<!-- Generated by org.testng.reporters.JUnitReportReporter -->
<testsuite hostname="bhagyak" failures="0" tests="3" name="ReadPropertiesFile.RealExample" time="20.854" errors="0" timestamp="2026-07-02T10:55:00 IST" skipped="0">
  <testcase classname="ReadPropertiesFile.RealExample" name="doLogin" time="5.561"/>
  <testcase classname="ReadPropertiesFile.RealExample" name="doLogin" time="8.279"/>
  <testcase classname="ReadPropertiesFile.RealExample" name="doLogin" time="7.014"/>
</testsuite> <!-- ReadPropertiesFile.RealExample -->
