<?xml version="1.0" encoding="UTF-8"?>
<!-- Generated by org.testng.reporters.JUnitReportReporter -->
<testsuite hostname="bhagyak" failures="0" tests="3" name="testngTestcases.Parameterization_DataProvider" time="19.529" errors="0" timestamp="2026-06-30T11:52:15 IST" skipped="0">
  <testcase classname="testngTestcases.Parameterization_DataProvider" name="doLogin" time="6.440"/>
  <testcase classname="testngTestcases.Parameterization_DataProvider" name="doLogin" time="7.278"/>
  <testcase classname="testngTestcases.Parameterization_DataProvider" name="doLogin" time="5.811"/>
</testsuite> <!-- testngTestcases.Parameterization_DataProvider -->
