<?xml version="1.0" encoding="UTF-8"?>
<!-- Generated by org.testng.reporters.JUnitReportReporter -->
<testsuite hostname="bhagyak" failures="0" tests="3" name="testngTestcases.Parameterization_DataProvider" time="14.975" errors="0" timestamp="2026-07-02T10:24:43 IST" skipped="0">
  <testcase classname="testngTestcases.Parameterization_DataProvider" name="doLogin" time="4.284"/>
  <testcase classname="testngTestcases.Parameterization_DataProvider" name="doLogin" time="4.740"/>
  <testcase classname="testngTestcases.Parameterization_DataProvider" name="doLogin" time="5.951"/>
</testsuite> <!-- testngTestcases.Parameterization_DataProvider -->
